Added Component: Designator=MP1(36900000)
Add component (AddParameter): Name = "Base Material"; Value = "Steel"; VariantName = "[No Variations]"
Add component (AddParameter): Name = "Category"; Value = "EMC Shielding"; VariantName = "[No Variations]"
Add component (AddParameter): Name = "ComponentLink1Description"; Value = "Website Link"; VariantName = "[No Variations]"
Add component (AddParameter): Name = "ComponentLink1URL"; Value = "https://www.we-online.com/redexpert/article/36900000?ad"; VariantName = "[No Variations]"
Add component (AddParameter): Name = "ComponentLink2Description"; Value = "Datasheet Link"; VariantName = "[No Variations]"
Add component (AddParameter): Name = "ComponentLink2URL"; Value = "https://www.we-online.com/redexpert/spec/36900000?ad"; VariantName = "[No Variations]"
Add component (AddParameter): Name = "Height"; Value = "1.27mm"; VariantName = "[No Variations]"
Add component (AddParameter): Name = "Length"; Value = "6.5mm"; VariantName = "[No Variations]"
Add component (AddParameter): Name = "Manufacturer"; Value = "Wurth Elektronik"; VariantName = "[No Variations]"
Add component (AddParameter): Name = "Manufacturer Part Number"; Value = "36900000"; VariantName = "[No Variations]"
Add component (AddParameter): Name = "Match Code"; Value = "WE-SHC"; VariantName = "[No Variations]"
Add component (AddParameter): Name = "Mount"; Value = "Surface Mount"; VariantName = "[No Variations]"
Add component (AddParameter): Name = "Operating Temperature Max"; Value = "125°C"; VariantName = "[No Variations]"
Add component (AddParameter): Name = "Operating Temperature Min"; Value = "-40°C"; VariantName = "[No Variations]"
Add component (AddParameter): Name = "Packaging"; Value = "Tape and Reel"; VariantName = "[No Variations]"
Add component (AddParameter): Name = "Plating"; Value = "Tin Plated"; VariantName = "[No Variations]"
Add component (AddParameter): Name = "Type"; Value = "Clip"; VariantName = "[No Variations]"
Add component (AddParameter): Name = "Width"; Value = "0.8mm"; VariantName = "[No Variations]"
Added Pin To Net: NetName=GND Pin=MP1-1
Added Pin To Net: NetName=GND Pin=MP1-1
Added Pin To Net: NetName=GND Pin=MP1-1
Added Pin To Net: NetName=GND Pin=MP1-1
Added Pin To Net: NetName=GND Pin=MP1-1
Added Member To Class: ClassName=GNSS_MB Member=Component MP1 36900000
